#
# There is insufficient memory for the Java Runtime Environment to continue.
# Native memory allocation (malloc) failed to allocate 32744 bytes for ChunkPool::allocate
# Possible reasons:
#   The system is out of physical RAM or swap space
#   In 32 bit mode, the process size limit was hit
# Possible solutions:
#   Reduce memory load on the system
#   Increase physical memory or swap space
#   Check if swap backing store is full
#   Use 64 bit Java on a 64 bit OS
#   Decrease Java heap size (-Xmx/-Xms)
#   Decrease number of Java threads
#   Decrease Java thread stack sizes (-Xss)
#   Set larger code cache with -XX:ReservedCodeCacheSize=
# This output file may be truncated or incomplete.
#
#  Out of Memory Error (allocation.cpp:273), pid=12936, tid=19324
#
# JRE version: Java(TM) SE Runtime Environment (8.0_91-b14) (build 1.8.0_91-b14)
# Java VM: Java HotSpot(TM) 64-Bit Server VM (25.91-b14 mixed mode windows-amd64 compressed oops)
# Failed to write core dump. Minidumps are not enabled by default on client versions of Windows
#

---------------  T H R E A D  ---------------

Current thread (0x0000000019ee2800):  JavaThread "C1 CompilerThread3" daemon [_thread_in_native, id=19324, stack(0x000000001a940000,0x000000001aa40000)]

Stack: [0x000000001a940000,0x000000001aa40000]
[error occurred during error reporting (printing stack bounds), id 0xc0000005]

Native frames: (J=compiled Java code, j=interpreted, Vv=VM code, C=native code)


Current CompileTask:
C1:   6476  590       3       java.nio.Buffer::<init> (121 bytes)


---------------  P R O C E S S  ---------------

Java Threads: ( => current thread )
  0x000000001aed5800 JavaThread "D3D Screen Updater" daemon [_thread_in_native, id=19164, stack(0x000000001f6d0000,0x000000001f7d0000)]
  0x0000000002e60800 JavaThread "DestroyJavaVM" [_thread_blocked, id=4528, stack(0x00000000029a0000,0x0000000002aa0000)]
  0x000000001ade8000 JavaThread "AWT-EventQueue-0" [_thread_blocked, id=15308, stack(0x000000001c7c0000,0x000000001c8c0000)]
  0x000000001ad8c800 JavaThread "AWT-Windows" daemon [_thread_in_native, id=10752, stack(0x000000001b720000,0x000000001b820000)]
  0x000000001ad89000 JavaThread "AWT-Shutdown" [_thread_blocked, id=9104, stack(0x000000001b620000,0x000000001b720000)]
  0x000000001ad86800 JavaThread "Java2D Disposer" daemon [_thread_blocked, id=14756, stack(0x000000001b520000,0x000000001b620000)]
  0x0000000019f7a800 JavaThread "Service Thread" daemon [_thread_blocked, id=17960, stack(0x000000001aa40000,0x000000001ab40000)]
=>0x0000000019ee2800 JavaThread "C1 CompilerThread3" daemon [_thread_in_native, id=19324, stack(0x000000001a940000,0x000000001aa40000)]
  0x0000000019ed7800 JavaThread "C2 CompilerThread2" daemon [_thread_blocked, id=13924, stack(0x000000001a840000,0x000000001a940000)]
  0x0000000019ed3800 JavaThread "C2 CompilerThread1" daemon [_thread_blocked, id=10396, stack(0x000000001a740000,0x000000001a840000)]
  0x0000000019ecf000 JavaThread "C2 CompilerThread0" daemon [_thread_blocked, id=8988, stack(0x000000001a640000,0x000000001a740000)]
  0x0000000019eca000 JavaThread "Attach Listener" daemon [_thread_blocked, id=4280, stack(0x000000001a540000,0x000000001a640000)]
  0x0000000019ec9000 JavaThread "Signal Dispatcher" daemon [_thread_blocked, id=13356, stack(0x000000001a440000,0x000000001a540000)]
  0x0000000002f59000 JavaThread "Finalizer" daemon [_thread_blocked, id=12188, stack(0x000000001a240000,0x000000001a340000)]
  0x0000000002f56000 JavaThread "Reference Handler" daemon [_thread_blocked, id=16540, stack(0x0000000019d40000,0x0000000019e40000)]

Other Threads:
  0x0000000017f49000 VMThread [stack: 0x0000000019c40000,0x0000000019d40000] [id=11180]
  0x0000000019ff1800 WatcherThread [stack: 0x000000001ab40000,0x000000001ac40000] [id=11572]

VM state:not at safepoint (normal execution)

VM Mutex/Monitor currently owned by a thread: None

Heap:
 PSYoungGen      total 38400K, used 9327K [0x00000000d5a00000, 0x00000000d8480000, 0x0000000100000000)
  eden space 33280K, 28% used [0x00000000d5a00000,0x00000000d631bcf0,0x00000000d7a80000)
  from space 5120K, 0% used [0x00000000d7f80000,0x00000000d7f80000,0x00000000d8480000)
  to   space 5120K, 0% used [0x00000000d7a80000,0x00000000d7a80000,0x00000000d7f80000)
 ParOldGen       total 87552K, used 0K [0x0000000080e00000, 0x0000000086380000, 0x00000000d5a00000)
  object space 87552K, 0% used [0x0000000080e00000,0x0000000080e00000,0x0000000086380000)
 Metaspace       used 11705K, capacity 11898K, committed 12160K, reserved 1060864K
  class space    used 1497K, capacity 1573K, committed 1664K, reserved 1048576K

Card table byte_map: [0x0000000012320000,0x0000000012720000] byte_map_base: 0x0000000011f19000

Marking Bits: (ParMarkBitMap*) 0x000000006eff2f70
 Begin Bits: [0x00000000131d0000, 0x0000000015198000)
 End Bits:   [0x0000000015198000, 0x0000000017160000)

Polling page: 0x00000000009f0000

CodeCache: size=245760Kb used=2289Kb max_used=2289Kb free=243470Kb
 bounds [0x0000000002f60000, 0x00000000031d0000, 0x0000000011f60000]
 total_blobs=1093 nmethods=589 adapters=417
 compilation: enabled

Compilation events (10 events):
Event: 6.410 Thread 0x0000000019ee2800 nmethod 585 0x000000000319bed0 code [0x000000000319c020, 0x000000000319c170]
Event: 6.444 Thread 0x0000000019ee2800  586       3       java.nio.Buffer::limit (62 bytes)
Event: 6.444 Thread 0x0000000019ee2800 nmethod 586 0x000000000319c1d0 code [0x000000000319c340, 0x000000000319c648]
Event: 6.444 Thread 0x0000000019ee2800  587       3       java.nio.ByteBuffer::arrayOffset (35 bytes)
Event: 6.444 Thread 0x0000000019ee2800 nmethod 587 0x000000000319c710 code [0x000000000319c8a0, 0x000000000319cbb8]
Event: 6.446 Thread 0x0000000019ee2800  588       3       java.nio.CharBuffer::arrayOffset (35 bytes)
Event: 6.446 Thread 0x0000000019ee2800 nmethod 588 0x000000000319cd10 code [0x000000000319cea0, 0x000000000319d1b8]
Event: 6.447 Thread 0x0000000019ee2800  589       3       java.nio.Buffer::clear (20 bytes)
Event: 6.447 Thread 0x0000000019ee2800 nmethod 589 0x000000000319d310 code [0x000000000319d460, 0x000000000319d5d0]
Event: 6.447 Thread 0x0000000019ee2800  590       3       java.nio.Buffer::<init> (121 bytes)

GC Heap History (0 events):
No events

Deoptimization events (6 events):
Event: 0.164 Thread 0x0000000002e60800 Uncommon trap: reason=null_check action=make_not_entrant pc=0x00000000030ccd9c method=java.lang.String.equals(Ljava/lang/Object;)Z @ 8
Event: 0.349 Thread 0x000000001ae2a800 Uncommon trap: reason=unstable_if action=reinterpret pc=0x00000000031370a8 method=java.lang.String.<init>([CII)V @ 18
Event: 0.362 Thread 0x000000001ade8000 Uncommon trap: reason=bimorphic action=maybe_recompile pc=0x0000000003142300 method=java.util.HashMap.putVal(ILjava/lang/Object;Ljava/lang/Object;ZZ)Ljava/lang/Object; @ 152
Event: 0.363 Thread 0x000000001ade8000 Uncommon trap: reason=bimorphic action=maybe_recompile pc=0x0000000003142300 method=java.util.HashMap.putVal(ILjava/lang/Object;Ljava/lang/Object;ZZ)Ljava/lang/Object; @ 152
Event: 0.438 Thread 0x000000001ade8000 Uncommon trap: reason=bimorphic action=maybe_recompile pc=0x0000000003142300 method=java.util.HashMap.putVal(ILjava/lang/Object;Ljava/lang/Object;ZZ)Ljava/lang/Object; @ 152
Event: 6.450 Thread 0x000000001ade8000 Uncommon trap: reason=class_check action=maybe_recompile pc=0x00000000030e3628 method=java.lang.String.equals(Ljava/lang/Object;)Z @ 8

Internal exceptions (10 events):
Event: 0.201 Thread 0x0000000002e60800 Exception <a 'java/lang/ClassNotFoundException': ToggleButton> (0x00000000d5e47500) thrown at [C:\re\workspace\8-2-build-windows-amd64-cygwin\jdk8u91\6644\hotspot\src\share\vm\classfile\systemDictionary.cpp, line 210]
Event: 0.201 Thread 0x0000000002e60800 Exception <a 'java/lang/ClassNotFoundException': javax/swing/JToolBarSeparator> (0x00000000d5e47960) thrown at [C:\re\workspace\8-2-build-windows-amd64-cygwin\jdk8u91\6644\hotspot\src\share\vm\classfile\systemDictionary.cpp, line 210]
Event: 0.201 Thread 0x0000000002e60800 Exception <a 'java/lang/ClassNotFoundException': ToolBarSeparator> (0x00000000d5e47df8) thrown at [C:\re\workspace\8-2-build-windows-amd64-cygwin\jdk8u91\6644\hotspot\src\share\vm\classfile\systemDictionary.cpp, line 210]
Event: 0.201 Thread 0x0000000002e60800 Exception <a 'java/lang/ClassNotFoundException': ToolTip> (0x00000000d5e48538) thrown at [C:\re\workspace\8-2-build-windows-amd64-cygwin\jdk8u91\6644\hotspot\src\share\vm\classfile\systemDictionary.cpp, line 210]
Event: 0.202 Thread 0x0000000002e60800 Exception <a 'java/lang/ClassNotFoundException': Tree> (0x00000000d5e49158) thrown at [C:\re\workspace\8-2-build-windows-amd64-cygwin\jdk8u91\6644\hotspot\src\share\vm\classfile\systemDictionary.cpp, line 210]
Event: 0.202 Thread 0x0000000002e60800 Exception <a 'java/lang/ClassNotFoundException': Tree> (0x00000000d5e49898) thrown at [C:\re\workspace\8-2-build-windows-amd64-cygwin\jdk8u91\6644\hotspot\src\share\vm\classfile\systemDictionary.cpp, line 210]
Event: 0.202 Thread 0x0000000002e60800 Exception <a 'java/lang/ClassNotFoundException': javax/swing/JTreeCell> (0x00000000d5e49c18) thrown at [C:\re\workspace\8-2-build-windows-amd64-cygwin\jdk8u91\6644\hotspot\src\share\vm\classfile\systemDictionary.cpp, line 210]
Event: 0.202 Thread 0x0000000002e60800 Exception <a 'java/lang/ClassNotFoundException': TreeCell> (0x00000000d5e4a0a0) thrown at [C:\re\workspace\8-2-build-windows-amd64-cygwin\jdk8u91\6644\hotspot\src\share\vm\classfile\systemDictionary.cpp, line 210]
Event: 0.202 Thread 0x0000000002e60800 Exception <a 'java/lang/ClassNotFoundException': RootPane> (0x00000000d5e4ab00) thrown at [C:\re\workspace\8-2-build-windows-amd64-cygwin\jdk8u91\6644\hotspot\src\share\vm\classfile\systemDictionary.cpp, line 210]
Event: 6.443 Thread 0x000000001ade8000 Exception <a 'java/io/IOException': CreateProcess error=8, Not enough storage is available to process this command> (0x00000000d62e20f8) thrown at [C:\re\workspace\8-2-build-windows-amd64-cygwin\jdk8u91\6644\hotspot\src\share\vm\prims\jni.cpp, line 735]

Events (10 events):
Event: 5.354 Thread 0x000000001ae2a800 Thread exited: 0x000000001ae2a800
Event: 6.443 loading class java/lang/Throwable$WrappedPrintStream
Event: 6.443 loading class java/lang/Throwable$PrintStreamOrWriter
Event: 6.443 loading class java/lang/Throwable$PrintStreamOrWriter done
Event: 6.443 loading class java/lang/Throwable$WrappedPrintStream done
Event: 6.449 loading class javax/swing/RepaintManager$3
Event: 6.449 loading class javax/swing/RepaintManager$3 done
Event: 6.450 Thread 0x000000001ade8000 Uncommon trap: trap_request=0xffffffde fr.pc=0x00000000030e3628
Event: 6.450 Thread 0x000000001ade8000 DEOPT PACKING pc=0x00000000030e3628 sp=0x000000001c8bb400
Event: 6.450 Thread 0x000000001ade8000 DEOPT UNPACKING pc=0x0000000002fa582a sp=0x000000001c8bb390 mode 2


Dynamic libraries:
0x00007ff7c5df0000 - 0x00007ff7c5e27000 	C:\Program Files\Java\jdk1.8.0_91\bin\java.exe
0x00007ffb67fb0000 - 0x00007ffb68171000 	C:\WINDOWS\SYSTEM32\ntdll.dll
0x00007ffb65400000 - 0x00007ffb654ad000 	C:\WINDOWS\system32\KERNEL32.DLL
0x00007ffb64cf0000 - 0x00007ffb64ed8000 	C:\WINDOWS\system32\KERNELBASE.dll
0x00007ffb65850000 - 0x00007ffb658f7000 	C:\WINDOWS\system32\ADVAPI32.dll
0x00007ffb67170000 - 0x00007ffb6720d000 	C:\WINDOWS\system32\msvcrt.dll
0x00007ffb67ca0000 - 0x00007ffb67cfb000 	C:\WINDOWS\system32\sechost.dll
0x00007ffb654b0000 - 0x00007ffb655cc000 	C:\WINDOWS\system32\RPCRT4.dll
0x00007ffb67420000 - 0x00007ffb67576000 	C:\WINDOWS\system32\USER32.dll
0x00007ffb67b10000 - 0x00007ffb67c96000 	C:\WINDOWS\system32\GDI32.dll
0x00007ffb5a620000 - 0x00007ffb5a894000 	C:\WINDOWS\WinSxS\amd64_microsoft.windows.common-controls_6595b64144ccf1df_6.0.10586.494_none_a2d8b04ea53e3145\COMCTL32.dll
0x00007ffb655d0000 - 0x00007ffb6584d000 	C:\WINDOWS\system32\combase.dll
0x00007ffb65180000 - 0x00007ffb651ea000 	C:\WINDOWS\system32\bcryptPrimitives.dll
0x00007ffb651f0000 - 0x00007ffb6522b000 	C:\WINDOWS\system32\IMM32.DLL
0x000000006e700000 - 0x000000006e7d2000 	C:\Program Files\Java\jdk1.8.0_91\jre\bin\msvcr100.dll
0x000000006e7e0000 - 0x000000006f073000 	C:\Program Files\Java\jdk1.8.0_91\jre\bin\server\jvm.dll
0x00007ffb644a0000 - 0x00007ffb644c3000 	C:\WINDOWS\system32\WINMM.dll
0x00007ffb643d0000 - 0x00007ffb643fc000 	C:\WINDOWS\system32\WINMMBASE.dll
0x00007ffb64c40000 - 0x00007ffb64c83000 	C:\WINDOWS\system32\cfgmgr32.dll
0x00007ffb54eb0000 - 0x00007ffb54eb9000 	C:\WINDOWS\SYSTEM32\WSOCK32.dll
0x00007ffb67b00000 - 0x00007ffb67b08000 	C:\WINDOWS\system32\PSAPI.DLL
0x00007ffb65a70000 - 0x00007ffb65adb000 	C:\WINDOWS\system32\WS2_32.dll
0x00007ffb61330000 - 0x00007ffb6133a000 	C:\WINDOWS\SYSTEM32\VERSION.dll
0x000000006e6b0000 - 0x000000006e6bf000 	C:\Program Files\Java\jdk1.8.0_91\jre\bin\verify.dll
0x000000006e680000 - 0x000000006e6a9000 	C:\Program Files\Java\jdk1.8.0_91\jre\bin\java.dll
0x000000006e660000 - 0x000000006e676000 	C:\Program Files\Java\jdk1.8.0_91\jre\bin\zip.dll
0x00007ffb65bf0000 - 0x00007ffb6714c000 	C:\WINDOWS\system32\SHELL32.dll
0x00007ffb64530000 - 0x00007ffb64b75000 	C:\WINDOWS\system32\windows.storage.dll
0x00007ffb67eb0000 - 0x00007ffb67f02000 	C:\WINDOWS\system32\shlwapi.dll
0x00007ffb64400000 - 0x00007ffb6440f000 	C:\WINDOWS\system32\kernel.appcore.dll
0x00007ffb64b80000 - 0x00007ffb64c35000 	C:\WINDOWS\system32\shcore.dll
0x00007ffb64ca0000 - 0x00007ffb64ceb000 	C:\WINDOWS\system32\powrprof.dll
0x00007ffb643a0000 - 0x00007ffb643b4000 	C:\WINDOWS\system32\profapi.dll
0x000000006e480000 - 0x000000006e618000 	C:\Program Files\Java\jdk1.8.0_91\jre\bin\awt.dll
0x00007ffb672c0000 - 0x00007ffb67381000 	C:\WINDOWS\system32\OLEAUT32.dll
0x00007ffb62bd0000 - 0x00007ffb62c49000 	C:\WINDOWS\system32\apphelp.dll
0x00007ffb62dd0000 - 0x00007ffb62e66000 	C:\WINDOWS\system32\uxtheme.dll
0x00007ffb65290000 - 0x00007ffb653ea000 	C:\WINDOWS\system32\MSCTF.dll
0x00007ffb538d0000 - 0x00007ffb53919000 	C:\Program Files (x86)\TeamViewer\tv_x64.dll
0x00007ffb679b0000 - 0x00007ffb67af3000 	C:\WINDOWS\system32\ole32.dll
0x00007ffb62540000 - 0x00007ffb62562000 	C:\WINDOWS\system32\dwmapi.dll
0x000000006e430000 - 0x000000006e477000 	C:\Program Files\Java\jdk1.8.0_91\jre\bin\fontmanager.dll
0x00007ffb48bd0000 - 0x00007ffb48de0000 	C:\WINDOWS\system32\d3d9.dll
0x00007ffb61360000 - 0x00007ffb614c7000 	C:\WINDOWS\SYSTEM32\aticfx64.dll
0x00007ffb3f0b0000 - 0x00007ffb3f0d1000 	C:\WINDOWS\SYSTEM32\atiu9p64.dll
0x00007ffb3e850000 - 0x00007ffb3f0a9000 	C:\WINDOWS\SYSTEM32\atiumd64.dll
0x0000000072970000 - 0x00000000731f8000 	C:\WINDOWS\SYSTEM32\atiumd6a.dll
0x000000006e640000 - 0x000000006e65a000 	C:\Program Files\Java\jdk1.8.0_91\jre\bin\net.dll
0x00007ffb63cd0000 - 0x00007ffb63d2c000 	C:\WINDOWS\system32\mswsock.dll
0x000000006e620000 - 0x000000006e631000 	C:\Program Files\Java\jdk1.8.0_91\jre\bin\nio.dll
0x000000006e3e0000 - 0x000000006e422000 	C:\Program Files\Java\jdk1.8.0_91\jre\bin\t2k.dll
0x00007ffb38dc0000 - 0x00007ffb38e51000 	C:\WINDOWS\SYSTEM32\mscms.dll
0x00007ffb63b60000 - 0x00007ffb63b7f000 	C:\WINDOWS\SYSTEM32\USERENV.dll
0x00007ffb4b810000 - 0x00007ffb4b852000 	C:\WINDOWS\SYSTEM32\icm32.dll
0x000000006e3a0000 - 0x000000006e3ca000 	C:\Program Files\Java\jdk1.8.0_91\jre\bin\dcpr.dll
0x00007ffb67210000 - 0x00007ffb672b7000 	C:\WINDOWS\system32\clbcatq.dll
0x00007ffb4f1e0000 - 0x00007ffb4f3c9000 	C:\WINDOWS\system32\sogoutsf.ime
0x00007ffb4f1d0000 - 0x00007ffb4f1d7000 	C:\WINDOWS\system32\MSIMG32.dll
0x00007ffb638f0000 - 0x00007ffb63921000 	C:\WINDOWS\SYSTEM32\ntmarta.dll
0x00007ffb4e470000 - 0x00007ffb4ecf6000 	C:\WINDOWS\system32\SogouPy.ime
0x00007ffb54cb0000 - 0x00007ffb54d1a000 	C:\WINDOWS\SYSTEM32\OLEACC.dll
0x0000000020bd0000 - 0x0000000020cad000 	C:\sogoupinyin\8.0.0.8268\Resource.dll
0x00007ffb4d570000 - 0x00007ffb4d7a9000 	C:\sogoupinyin\Components\PicFace\1.0.0.1464\PicFace64.dll

VM Arguments:
jvm_args: -Dfile.encoding=UTF-8 
java_command: KDRestart
java_class_path (initial): C:\Users\Andy\Documents\NetBeansProjects\KDRestart\build\classes
Launcher Type: SUN_STANDARD

Environment Variables:
PATH=C:\ProgramData\Oracle\Java\javapath;C:\WINDOWS\system32;C:\WINDOWS;C:\WINDOWS\System32\Wbem;C:\WINDOWS\System32\WindowsPowerShell\v1.0\;C:\Program Files (x86)\ATI Technologies\ATI.ACE\Core-Static;C:\Program Files (x86)\Windows Live\Shared;C:\Program Files (x86)\Skype\Phone\;C:\Program Files (x86)\AMD\ATI.ACE\Core-Static;I:\nodejs\;C:\Users\Andy\AppData\Roaming\npm;C:\Users\Andy\AppData\Local\atom\bin
USERNAME=Andy
OS=Windows_NT
PROCESSOR_IDENTIFIER=Intel64 Family 6 Model 60 Stepping 3, GenuineIntel



---------------  S Y S T E M  ---------------

OS: Windows 10.0 , 64 bit Build 10586 (10.0.10586.0)

CPU:total 8 (4 cores per cpu, 2 threads per core) family 6 model 60 stepping 3, cmov, cx8, fxsr, mmx, sse, sse2, sse3, ssse3, sse4.1, sse4.2, popcnt, avx, avx2, aes, clmul, erms, lzcnt, ht, tsc, tscinvbit, bmi1, bmi2

Memory: 4k page, physical 8331196k(431564k free), swap 21265592k(36580k free)

vm_info: Java HotSpot(TM) 64-Bit Server VM (25.91-b14) for windows-amd64 JRE (1.8.0_91-b14), built on Apr  1 2016 00:58:32 by "java_re" with MS VC++ 10.0 (VS2010)

time: Tue Aug 23 23:23:41 2016
elapsed time: 6 seconds (0d 0h 0m 6s)

